[2024-08-12 20:51:29] [ ERROR] [OdontologoDAOImpl:32] Error al guardar odontólogo: Odontologo{numeroMatricula='12345', nombre='Moises', apellido='Martinez'}
org.h2.jdbc.JdbcSQLSyntaxErrorException: Table "ODONTOLOGOS" not found (this database is empty); SQL statement:
INSERT INTO odontologos (numeroMatricula, nombre, apellido) VALUES (?, ?, ?) [42104-224]
	at org.h2.message.DbException.getJdbcSQLException(DbException.java:514)
	at org.h2.message.DbException.getJdbcSQLException(DbException.java:489)
	at org.h2.message.DbException.get(DbException.java:223)
	at org.h2.message.DbException.get(DbException.java:199)
	at org.h2.command.Parser.getTableOrViewNotFoundDbException(Parser.java:8051)
	at org.h2.command.Parser.getTableOrViewNotFoundDbException(Parser.java:8035)
	at org.h2.command.Parser.readTableOrView(Parser.java:8024)
	at org.h2.command.Parser.readTableOrView(Parser.java:7990)
	at org.h2.command.Parser.parseInsert(Parser.java:1540)
	at org.h2.command.Parser.parsePrepared(Parser.java:719)
	at org.h2.command.Parser.parse(Parser.java:592)
	at org.h2.command.Parser.parse(Parser.java:564)
	at org.h2.command.Parser.prepareCommand(Parser.java:483)
	at org.h2.engine.SessionLocal.prepareLocal(SessionLocal.java:639)
	at org.h2.engine.SessionLocal.prepareCommand(SessionLocal.java:559)
	at org.h2.jdbc.JdbcConnection.prepareCommand(JdbcConnection.java:1166)
	at org.h2.jdbc.JdbcPreparedStatement.<init>(JdbcPreparedStatement.java:93)
	at org.h2.jdbc.JdbcConnection.prepareStatement(JdbcConnection.java:316)
	at main.java.com.clinica.odontologica.dao.OdontologoDAOImpl.guardarOdontologo(OdontologoDAOImpl.java:23)
	at main.java.com.clinica.odontologica.main.main(main.java:11)
[2024-08-12 20:51:29] [ ERROR] [OdontologoDAOImpl:32] Error al guardar odontólogo: Odontologo{numeroMatricula='67890', nombre='Enrique', apellido='Rojas'}
org.h2.jdbc.JdbcSQLSyntaxErrorException: Table "ODONTOLOGOS" not found (this database is empty); SQL statement:
INSERT INTO odontologos (numeroMatricula, nombre, apellido) VALUES (?, ?, ?) [42104-224]
	at org.h2.message.DbException.getJdbcSQLException(DbException.java:514)
	at org.h2.message.DbException.getJdbcSQLException(DbException.java:489)
	at org.h2.message.DbException.get(DbException.java:223)
	at org.h2.message.DbException.get(DbException.java:199)
	at org.h2.command.Parser.getTableOrViewNotFoundDbException(Parser.java:8051)
	at org.h2.command.Parser.getTableOrViewNotFoundDbException(Parser.java:8035)
	at org.h2.command.Parser.readTableOrView(Parser.java:8024)
	at org.h2.command.Parser.readTableOrView(Parser.java:7990)
	at org.h2.command.Parser.parseInsert(Parser.java:1540)
	at org.h2.command.Parser.parsePrepared(Parser.java:719)
	at org.h2.command.Parser.parse(Parser.java:592)
	at org.h2.command.Parser.parse(Parser.java:564)
	at org.h2.command.Parser.prepareCommand(Parser.java:483)
	at org.h2.engine.SessionLocal.prepareLocal(SessionLocal.java:639)
	at org.h2.engine.SessionLocal.prepareCommand(SessionLocal.java:559)
	at org.h2.jdbc.JdbcConnection.prepareCommand(JdbcConnection.java:1166)
	at org.h2.jdbc.JdbcPreparedStatement.<init>(JdbcPreparedStatement.java:93)
	at org.h2.jdbc.JdbcConnection.prepareStatement(JdbcConnection.java:316)
	at main.java.com.clinica.odontologica.dao.OdontologoDAOImpl.guardarOdontologo(OdontologoDAOImpl.java:23)
	at main.java.com.clinica.odontologica.main.main(main.java:14)
[2024-08-12 20:51:29] [ ERROR] [OdontologoDAOImpl:55] Error al listar odontólogos
org.h2.jdbc.JdbcSQLSyntaxErrorException: Table "ODONTOLOGOS" not found (this database is empty); SQL statement:
SELECT * FROM odontologos [42104-224]
	at org.h2.message.DbException.getJdbcSQLException(DbException.java:514)
	at org.h2.message.DbException.getJdbcSQLException(DbException.java:489)
	at org.h2.message.DbException.get(DbException.java:223)
	at org.h2.message.DbException.get(DbException.java:199)
	at org.h2.command.Parser.getTableOrViewNotFoundDbException(Parser.java:8051)
	at org.h2.command.Parser.getTableOrViewNotFoundDbException(Parser.java:8035)
	at org.h2.command.Parser.readTableOrView(Parser.java:8024)
	at org.h2.command.Parser.readTablePrimary(Parser.java:1788)
	at org.h2.command.Parser.readTableReference(Parser.java:2268)
	at org.h2.command.Parser.parseSelectFromPart(Parser.java:2718)
	at org.h2.command.Parser.parseSelect(Parser.java:2824)
	at org.h2.command.Parser.parseQueryPrimary(Parser.java:2708)
	at org.h2.command.Parser.parseQueryTerm(Parser.java:2564)
	at org.h2.command.Parser.parseQueryExpressionBody(Parser.java:2543)
	at org.h2.command.Parser.parseQueryExpressionBodyAndEndOfQuery(Parser.java:2536)
	at org.h2.command.Parser.parseQueryExpression(Parser.java:2529)
	at org.h2.command.Parser.parseQuery(Parser.java:2498)
	at org.h2.command.Parser.parsePrepared(Parser.java:627)
	at org.h2.command.Parser.parse(Parser.java:592)
	at org.h2.command.Parser.parse(Parser.java:564)
	at org.h2.command.Parser.prepareCommand(Parser.java:483)
	at org.h2.engine.SessionLocal.prepareLocal(SessionLocal.java:639)
	at org.h2.engine.SessionLocal.prepareCommand(SessionLocal.java:559)
	at org.h2.jdbc.JdbcConnection.prepareCommand(JdbcConnection.java:1166)
	at org.h2.jdbc.JdbcPreparedStatement.<init>(JdbcPreparedStatement.java:93)
	at org.h2.jdbc.JdbcConnection.prepareStatement(JdbcConnection.java:316)
	at main.java.com.clinica.odontologica.dao.OdontologoDAOImpl.listarOdontologos(OdontologoDAOImpl.java:42)
	at main.java.com.clinica.odontologica.main.main(main.java:16)
[2024-08-12 20:52:28] [ ERROR] [OdontologoDAOImpl:32] Error al guardar odontólogo: Odontologo{numeroMatricula='12345', nombre='Moises', apellido='Martinez'}
org.h2.jdbc.JdbcSQLSyntaxErrorException: Table "ODONTOLOGOS" not found (this database is empty); SQL statement:
INSERT INTO odontologos (numeroMatricula, nombre, apellido) VALUES (?, ?, ?) [42104-224]
	at org.h2.message.DbException.getJdbcSQLException(DbException.java:514)
	at org.h2.message.DbException.getJdbcSQLException(DbException.java:489)
	at org.h2.message.DbException.get(DbException.java:223)
	at org.h2.message.DbException.get(DbException.java:199)
	at org.h2.command.Parser.getTableOrViewNotFoundDbException(Parser.java:8051)
	at org.h2.command.Parser.getTableOrViewNotFoundDbException(Parser.java:8035)
	at org.h2.command.Parser.readTableOrView(Parser.java:8024)
	at org.h2.command.Parser.readTableOrView(Parser.java:7990)
	at org.h2.command.Parser.parseInsert(Parser.java:1540)
	at org.h2.command.Parser.parsePrepared(Parser.java:719)
	at org.h2.command.Parser.parse(Parser.java:592)
	at org.h2.command.Parser.parse(Parser.java:564)
	at org.h2.command.Parser.prepareCommand(Parser.java:483)
	at org.h2.engine.SessionLocal.prepareLocal(SessionLocal.java:639)
	at org.h2.engine.SessionLocal.prepareCommand(SessionLocal.java:559)
	at org.h2.jdbc.JdbcConnection.prepareCommand(JdbcConnection.java:1166)
	at org.h2.jdbc.JdbcPreparedStatement.<init>(JdbcPreparedStatement.java:93)
	at org.h2.jdbc.JdbcConnection.prepareStatement(JdbcConnection.java:316)
	at main.java.com.clinica.odontologica.dao.OdontologoDAOImpl.guardarOdontologo(OdontologoDAOImpl.java:23)
	at main.java.com.clinica.odontologica.main.main(main.java:11)
[2024-08-12 20:52:28] [ ERROR] [OdontologoDAOImpl:32] Error al guardar odontólogo: Odontologo{numeroMatricula='67890', nombre='Enrique', apellido='Rojas'}
org.h2.jdbc.JdbcSQLSyntaxErrorException: Table "ODONTOLOGOS" not found (this database is empty); SQL statement:
INSERT INTO odontologos (numeroMatricula, nombre, apellido) VALUES (?, ?, ?) [42104-224]
	at org.h2.message.DbException.getJdbcSQLException(DbException.java:514)
	at org.h2.message.DbException.getJdbcSQLException(DbException.java:489)
	at org.h2.message.DbException.get(DbException.java:223)
	at org.h2.message.DbException.get(DbException.java:199)
	at org.h2.command.Parser.getTableOrViewNotFoundDbException(Parser.java:8051)
	at org.h2.command.Parser.getTableOrViewNotFoundDbException(Parser.java:8035)
	at org.h2.command.Parser.readTableOrView(Parser.java:8024)
	at org.h2.command.Parser.readTableOrView(Parser.java:7990)
	at org.h2.command.Parser.parseInsert(Parser.java:1540)
	at org.h2.command.Parser.parsePrepared(Parser.java:719)
	at org.h2.command.Parser.parse(Parser.java:592)
	at org.h2.command.Parser.parse(Parser.java:564)
	at org.h2.command.Parser.prepareCommand(Parser.java:483)
	at org.h2.engine.SessionLocal.prepareLocal(SessionLocal.java:639)
	at org.h2.engine.SessionLocal.prepareCommand(SessionLocal.java:559)
	at org.h2.jdbc.JdbcConnection.prepareCommand(JdbcConnection.java:1166)
	at org.h2.jdbc.JdbcPreparedStatement.<init>(JdbcPreparedStatement.java:93)
	at org.h2.jdbc.JdbcConnection.prepareStatement(JdbcConnection.java:316)
	at main.java.com.clinica.odontologica.dao.OdontologoDAOImpl.guardarOdontologo(OdontologoDAOImpl.java:23)
	at main.java.com.clinica.odontologica.main.main(main.java:14)
[2024-08-12 20:52:28] [ ERROR] [OdontologoDAOImpl:55] Error al listar odontólogos
org.h2.jdbc.JdbcSQLSyntaxErrorException: Table "ODONTOLOGOS" not found (this database is empty); SQL statement:
SELECT * FROM odontologos [42104-224]
	at org.h2.message.DbException.getJdbcSQLException(DbException.java:514)
	at org.h2.message.DbException.getJdbcSQLException(DbException.java:489)
	at org.h2.message.DbException.get(DbException.java:223)
	at org.h2.message.DbException.get(DbException.java:199)
	at org.h2.command.Parser.getTableOrViewNotFoundDbException(Parser.java:8051)
	at org.h2.command.Parser.getTableOrViewNotFoundDbException(Parser.java:8035)
	at org.h2.command.Parser.readTableOrView(Parser.java:8024)
	at org.h2.command.Parser.readTablePrimary(Parser.java:1788)
	at org.h2.command.Parser.readTableReference(Parser.java:2268)
	at org.h2.command.Parser.parseSelectFromPart(Parser.java:2718)
	at org.h2.command.Parser.parseSelect(Parser.java:2824)
	at org.h2.command.Parser.parseQueryPrimary(Parser.java:2708)
	at org.h2.command.Parser.parseQueryTerm(Parser.java:2564)
	at org.h2.command.Parser.parseQueryExpressionBody(Parser.java:2543)
	at org.h2.command.Parser.parseQueryExpressionBodyAndEndOfQuery(Parser.java:2536)
	at org.h2.command.Parser.parseQueryExpression(Parser.java:2529)
	at org.h2.command.Parser.parseQuery(Parser.java:2498)
	at org.h2.command.Parser.parsePrepared(Parser.java:627)
	at org.h2.command.Parser.parse(Parser.java:592)
	at org.h2.command.Parser.parse(Parser.java:564)
	at org.h2.command.Parser.prepareCommand(Parser.java:483)
	at org.h2.engine.SessionLocal.prepareLocal(SessionLocal.java:639)
	at org.h2.engine.SessionLocal.prepareCommand(SessionLocal.java:559)
	at org.h2.jdbc.JdbcConnection.prepareCommand(JdbcConnection.java:1166)
	at org.h2.jdbc.JdbcPreparedStatement.<init>(JdbcPreparedStatement.java:93)
	at org.h2.jdbc.JdbcConnection.prepareStatement(JdbcConnection.java:316)
	at main.java.com.clinica.odontologica.dao.OdontologoDAOImpl.listarOdontologos(OdontologoDAOImpl.java:42)
	at main.java.com.clinica.odontologica.main.main(main.java:16)
[2024-08-12 20:54:13] [ INFO ] [OdontologoCollectionDAOImpl:16] Odontólogo guardado: Odontologo{numeroMatricula='12345', nombre='Juan', apellido='Perez'}
[2024-08-12 20:54:13] [ INFO ] [OdontologoCollectionDAOImpl:16] Odontólogo guardado: Odontologo{numeroMatricula='67890', nombre='Ana', apellido='Gomez'}
[2024-08-12 20:54:13] [ INFO ] [OdontologoCollectionDAOImpl:21] Listado de odontologos: [Odontologo{numeroMatricula='12345', nombre='Juan', apellido='Perez'}, Odontologo{numeroMatricula='67890', nombre='Ana', apellido='Gomez'}]
[2024-08-12 20:55:04] [ INFO ] [OdontologoCollectionDAOImpl:16] Odontólogo guardado: Odontologo{numeroMatricula='12345', nombre='Juan', apellido='Perez'}
[2024-08-12 20:55:04] [ INFO ] [OdontologoCollectionDAOImpl:21] Listado de odontologos: [Odontologo{numeroMatricula='12345', nombre='Juan', apellido='Perez'}]
[2024-08-12 20:55:38] [ INFO ] [OdontologoCollectionDAOImpl:16] Odontólogo guardado: Odontologo{numeroMatricula='12345', nombre='Juan', apellido='Perez'}
[2024-08-12 20:55:38] [ INFO ] [OdontologoCollectionDAOImpl:21] Listado de odontologos: [Odontologo{numeroMatricula='12345', nombre='Juan', apellido='Perez'}]
[2024-08-12 20:59:17] [ ERROR] [OdontologoDAOImpl:32] Error al guardar odontólogo: Odontologo{numeroMatricula='12345', nombre='Moises', apellido='Martinez'}
org.h2.jdbc.JdbcSQLSyntaxErrorException: Table "ODONTOLOGOS" not found (this database is empty); SQL statement:
INSERT INTO odontologos (numeroMatricula, nombre, apellido) VALUES (?, ?, ?) [42104-224]
	at org.h2.message.DbException.getJdbcSQLException(DbException.java:514)
	at org.h2.message.DbException.getJdbcSQLException(DbException.java:489)
	at org.h2.message.DbException.get(DbException.java:223)
	at org.h2.message.DbException.get(DbException.java:199)
	at org.h2.command.Parser.getTableOrViewNotFoundDbException(Parser.java:8051)
	at org.h2.command.Parser.getTableOrViewNotFoundDbException(Parser.java:8035)
	at org.h2.command.Parser.readTableOrView(Parser.java:8024)
	at org.h2.command.Parser.readTableOrView(Parser.java:7990)
	at org.h2.command.Parser.parseInsert(Parser.java:1540)
	at org.h2.command.Parser.parsePrepared(Parser.java:719)
	at org.h2.command.Parser.parse(Parser.java:592)
	at org.h2.command.Parser.parse(Parser.java:564)
	at org.h2.command.Parser.prepareCommand(Parser.java:483)
	at org.h2.engine.SessionLocal.prepareLocal(SessionLocal.java:639)
	at org.h2.engine.SessionLocal.prepareCommand(SessionLocal.java:559)
	at org.h2.jdbc.JdbcConnection.prepareCommand(JdbcConnection.java:1166)
	at org.h2.jdbc.JdbcPreparedStatement.<init>(JdbcPreparedStatement.java:93)
	at org.h2.jdbc.JdbcConnection.prepareStatement(JdbcConnection.java:316)
	at main.java.com.clinica.odontologica.dao.OdontologoDAOImpl.guardarOdontologo(OdontologoDAOImpl.java:23)
	at main.java.com.clinica.odontologica.main.main(main.java:11)
[2024-08-12 20:59:17] [ ERROR] [OdontologoDAOImpl:32] Error al guardar odontólogo: Odontologo{numeroMatricula='67890', nombre='Enrique', apellido='Rojas'}
org.h2.jdbc.JdbcSQLSyntaxErrorException: Table "ODONTOLOGOS" not found (this database is empty); SQL statement:
INSERT INTO odontologos (numeroMatricula, nombre, apellido) VALUES (?, ?, ?) [42104-224]
	at org.h2.message.DbException.getJdbcSQLException(DbException.java:514)
	at org.h2.message.DbException.getJdbcSQLException(DbException.java:489)
	at org.h2.message.DbException.get(DbException.java:223)
	at org.h2.message.DbException.get(DbException.java:199)
	at org.h2.command.Parser.getTableOrViewNotFoundDbException(Parser.java:8051)
	at org.h2.command.Parser.getTableOrViewNotFoundDbException(Parser.java:8035)
	at org.h2.command.Parser.readTableOrView(Parser.java:8024)
	at org.h2.command.Parser.readTableOrView(Parser.java:7990)
	at org.h2.command.Parser.parseInsert(Parser.java:1540)
	at org.h2.command.Parser.parsePrepared(Parser.java:719)
	at org.h2.command.Parser.parse(Parser.java:592)
	at org.h2.command.Parser.parse(Parser.java:564)
	at org.h2.command.Parser.prepareCommand(Parser.java:483)
	at org.h2.engine.SessionLocal.prepareLocal(SessionLocal.java:639)
	at org.h2.engine.SessionLocal.prepareCommand(SessionLocal.java:559)
	at org.h2.jdbc.JdbcConnection.prepareCommand(JdbcConnection.java:1166)
	at org.h2.jdbc.JdbcPreparedStatement.<init>(JdbcPreparedStatement.java:93)
	at org.h2.jdbc.JdbcConnection.prepareStatement(JdbcConnection.java:316)
	at main.java.com.clinica.odontologica.dao.OdontologoDAOImpl.guardarOdontologo(OdontologoDAOImpl.java:23)
	at main.java.com.clinica.odontologica.main.main(main.java:14)
[2024-08-12 20:59:17] [ ERROR] [OdontologoDAOImpl:55] Error al listar odontólogos
org.h2.jdbc.JdbcSQLSyntaxErrorException: Table "ODONTOLOGOS" not found (this database is empty); SQL statement:
SELECT * FROM odontologos [42104-224]
	at org.h2.message.DbException.getJdbcSQLException(DbException.java:514)
	at org.h2.message.DbException.getJdbcSQLException(DbException.java:489)
	at org.h2.message.DbException.get(DbException.java:223)
	at org.h2.message.DbException.get(DbException.java:199)
	at org.h2.command.Parser.getTableOrViewNotFoundDbException(Parser.java:8051)
	at org.h2.command.Parser.getTableOrViewNotFoundDbException(Parser.java:8035)
	at org.h2.command.Parser.readTableOrView(Parser.java:8024)
	at org.h2.command.Parser.readTablePrimary(Parser.java:1788)
	at org.h2.command.Parser.readTableReference(Parser.java:2268)
	at org.h2.command.Parser.parseSelectFromPart(Parser.java:2718)
	at org.h2.command.Parser.parseSelect(Parser.java:2824)
	at org.h2.command.Parser.parseQueryPrimary(Parser.java:2708)
	at org.h2.command.Parser.parseQueryTerm(Parser.java:2564)
	at org.h2.command.Parser.parseQueryExpressionBody(Parser.java:2543)
	at org.h2.command.Parser.parseQueryExpressionBodyAndEndOfQuery(Parser.java:2536)
	at org.h2.command.Parser.parseQueryExpression(Parser.java:2529)
	at org.h2.command.Parser.parseQuery(Parser.java:2498)
	at org.h2.command.Parser.parsePrepared(Parser.java:627)
	at org.h2.command.Parser.parse(Parser.java:592)
	at org.h2.command.Parser.parse(Parser.java:564)
	at org.h2.command.Parser.prepareCommand(Parser.java:483)
	at org.h2.engine.SessionLocal.prepareLocal(SessionLocal.java:639)
	at org.h2.engine.SessionLocal.prepareCommand(SessionLocal.java:559)
	at org.h2.jdbc.JdbcConnection.prepareCommand(JdbcConnection.java:1166)
	at org.h2.jdbc.JdbcPreparedStatement.<init>(JdbcPreparedStatement.java:93)
	at org.h2.jdbc.JdbcConnection.prepareStatement(JdbcConnection.java:316)
	at main.java.com.clinica.odontologica.dao.OdontologoDAOImpl.listarOdontologos(OdontologoDAOImpl.java:42)
	at main.java.com.clinica.odontologica.main.main(main.java:16)
[2024-08-12 21:01:02] [ ERROR] [OdontologoDAOImpl:32] Error al guardar odontólogo: Odontologo{numeroMatricula='12345', nombre='Juan', apellido='Perez'}
org.h2.jdbc.JdbcSQLSyntaxErrorException: Table "ODONTOLOGOS" not found (this database is empty); SQL statement:
INSERT INTO odontologos (numeroMatricula, nombre, apellido) VALUES (?, ?, ?) [42104-224]
	at org.h2.message.DbException.getJdbcSQLException(DbException.java:514)
	at org.h2.message.DbException.getJdbcSQLException(DbException.java:489)
	at org.h2.message.DbException.get(DbException.java:223)
	at org.h2.message.DbException.get(DbException.java:199)
	at org.h2.command.Parser.getTableOrViewNotFoundDbException(Parser.java:8051)
	at org.h2.command.Parser.getTableOrViewNotFoundDbException(Parser.java:8035)
	at org.h2.command.Parser.readTableOrView(Parser.java:8024)
	at org.h2.command.Parser.readTableOrView(Parser.java:7990)
	at org.h2.command.Parser.parseInsert(Parser.java:1540)
	at org.h2.command.Parser.parsePrepared(Parser.java:719)
	at org.h2.command.Parser.parse(Parser.java:592)
	at org.h2.command.Parser.parse(Parser.java:564)
	at org.h2.command.Parser.prepareCommand(Parser.java:483)
	at org.h2.engine.SessionLocal.prepareLocal(SessionLocal.java:639)
	at org.h2.engine.SessionLocal.prepareCommand(SessionLocal.java:559)
	at org.h2.jdbc.JdbcConnection.prepareCommand(JdbcConnection.java:1166)
	at org.h2.jdbc.JdbcPreparedStatement.<init>(JdbcPreparedStatement.java:93)
	at org.h2.jdbc.JdbcConnection.prepareStatement(JdbcConnection.java:316)
	at main.java.com.clinica.odontologica.dao.OdontologoDAOImpl.guardarOdontologo(OdontologoDAOImpl.java:23)
	at main.java.com.clinica.odontologica.main.main(main.java:11)
[2024-08-12 21:01:02] [ ERROR] [OdontologoDAOImpl:32] Error al guardar odontólogo: Odontologo{numeroMatricula='67890', nombre='Ana', apellido='Gomez'}
org.h2.jdbc.JdbcSQLSyntaxErrorException: Table "ODONTOLOGOS" not found (this database is empty); SQL statement:
INSERT INTO odontologos (numeroMatricula, nombre, apellido) VALUES (?, ?, ?) [42104-224]
	at org.h2.message.DbException.getJdbcSQLException(DbException.java:514)
	at org.h2.message.DbException.getJdbcSQLException(DbException.java:489)
	at org.h2.message.DbException.get(DbException.java:223)
	at org.h2.message.DbException.get(DbException.java:199)
	at org.h2.command.Parser.getTableOrViewNotFoundDbException(Parser.java:8051)
	at org.h2.command.Parser.getTableOrViewNotFoundDbException(Parser.java:8035)
	at org.h2.command.Parser.readTableOrView(Parser.java:8024)
	at org.h2.command.Parser.readTableOrView(Parser.java:7990)
	at org.h2.command.Parser.parseInsert(Parser.java:1540)
	at org.h2.command.Parser.parsePrepared(Parser.java:719)
	at org.h2.command.Parser.parse(Parser.java:592)
	at org.h2.command.Parser.parse(Parser.java:564)
	at org.h2.command.Parser.prepareCommand(Parser.java:483)
	at org.h2.engine.SessionLocal.prepareLocal(SessionLocal.java:639)
	at org.h2.engine.SessionLocal.prepareCommand(SessionLocal.java:559)
	at org.h2.jdbc.JdbcConnection.prepareCommand(JdbcConnection.java:1166)
	at org.h2.jdbc.JdbcPreparedStatement.<init>(JdbcPreparedStatement.java:93)
	at org.h2.jdbc.JdbcConnection.prepareStatement(JdbcConnection.java:316)
	at main.java.com.clinica.odontologica.dao.OdontologoDAOImpl.guardarOdontologo(OdontologoDAOImpl.java:23)
	at main.java.com.clinica.odontologica.main.main(main.java:14)
[2024-08-12 21:01:02] [ ERROR] [OdontologoDAOImpl:55] Error al listar odontólogos
org.h2.jdbc.JdbcSQLSyntaxErrorException: Table "ODONTOLOGOS" not found (this database is empty); SQL statement:
SELECT * FROM odontologos [42104-224]
	at org.h2.message.DbException.getJdbcSQLException(DbException.java:514)
	at org.h2.message.DbException.getJdbcSQLException(DbException.java:489)
	at org.h2.message.DbException.get(DbException.java:223)
	at org.h2.message.DbException.get(DbException.java:199)
	at org.h2.command.Parser.getTableOrViewNotFoundDbException(Parser.java:8051)
	at org.h2.command.Parser.getTableOrViewNotFoundDbException(Parser.java:8035)
	at org.h2.command.Parser.readTableOrView(Parser.java:8024)
	at org.h2.command.Parser.readTablePrimary(Parser.java:1788)
	at org.h2.command.Parser.readTableReference(Parser.java:2268)
	at org.h2.command.Parser.parseSelectFromPart(Parser.java:2718)
	at org.h2.command.Parser.parseSelect(Parser.java:2824)
	at org.h2.command.Parser.parseQueryPrimary(Parser.java:2708)
	at org.h2.command.Parser.parseQueryTerm(Parser.java:2564)
	at org.h2.command.Parser.parseQueryExpressionBody(Parser.java:2543)
	at org.h2.command.Parser.parseQueryExpressionBodyAndEndOfQuery(Parser.java:2536)
	at org.h2.command.Parser.parseQueryExpression(Parser.java:2529)
	at org.h2.command.Parser.parseQuery(Parser.java:2498)
	at org.h2.command.Parser.parsePrepared(Parser.java:627)
	at org.h2.command.Parser.parse(Parser.java:592)
	at org.h2.command.Parser.parse(Parser.java:564)
	at org.h2.command.Parser.prepareCommand(Parser.java:483)
	at org.h2.engine.SessionLocal.prepareLocal(SessionLocal.java:639)
	at org.h2.engine.SessionLocal.prepareCommand(SessionLocal.java:559)
	at org.h2.jdbc.JdbcConnection.prepareCommand(JdbcConnection.java:1166)
	at org.h2.jdbc.JdbcPreparedStatement.<init>(JdbcPreparedStatement.java:93)
	at org.h2.jdbc.JdbcConnection.prepareStatement(JdbcConnection.java:316)
	at main.java.com.clinica.odontologica.dao.OdontologoDAOImpl.listarOdontologos(OdontologoDAOImpl.java:42)
	at main.java.com.clinica.odontologica.main.main(main.java:16)
[2024-08-12 21:08:38] [ ERROR] [OdontologoDAOImpl:32] Error al guardar odontólogo: Odontologo{numeroMatricula='12345', nombre='Juan', apellido='Perez'}
org.h2.jdbc.JdbcSQLSyntaxErrorException: Table "ODONTOLOGOS" not found (this database is empty); SQL statement:
INSERT INTO odontologos (numeroMatricula, nombre, apellido) VALUES (?, ?, ?) [42104-224]
	at org.h2.message.DbException.getJdbcSQLException(DbException.java:514)
	at org.h2.message.DbException.getJdbcSQLException(DbException.java:489)
	at org.h2.message.DbException.get(DbException.java:223)
	at org.h2.message.DbException.get(DbException.java:199)
	at org.h2.command.Parser.getTableOrViewNotFoundDbException(Parser.java:8051)
	at org.h2.command.Parser.getTableOrViewNotFoundDbException(Parser.java:8035)
	at org.h2.command.Parser.readTableOrView(Parser.java:8024)
	at org.h2.command.Parser.readTableOrView(Parser.java:7990)
	at org.h2.command.Parser.parseInsert(Parser.java:1540)
	at org.h2.command.Parser.parsePrepared(Parser.java:719)
	at org.h2.command.Parser.parse(Parser.java:592)
	at org.h2.command.Parser.parse(Parser.java:564)
	at org.h2.command.Parser.prepareCommand(Parser.java:483)
	at org.h2.engine.SessionLocal.prepareLocal(SessionLocal.java:639)
	at org.h2.engine.SessionLocal.prepareCommand(SessionLocal.java:559)
	at org.h2.jdbc.JdbcConnection.prepareCommand(JdbcConnection.java:1166)
	at org.h2.jdbc.JdbcPreparedStatement.<init>(JdbcPreparedStatement.java:93)
	at org.h2.jdbc.JdbcConnection.prepareStatement(JdbcConnection.java:316)
	at main.java.com.clinica.odontologica.dao.OdontologoDAOImpl.guardarOdontologo(OdontologoDAOImpl.java:23)
	at main.java.com.clinica.odontologica.main.main(main.java:11)
[2024-08-12 21:08:38] [ ERROR] [OdontologoDAOImpl:32] Error al guardar odontólogo: Odontologo{numeroMatricula='67890', nombre='Ana', apellido='Gomez'}
org.h2.jdbc.JdbcSQLSyntaxErrorException: Table "ODONTOLOGOS" not found (this database is empty); SQL statement:
INSERT INTO odontologos (numeroMatricula, nombre, apellido) VALUES (?, ?, ?) [42104-224]
	at org.h2.message.DbException.getJdbcSQLException(DbException.java:514)
	at org.h2.message.DbException.getJdbcSQLException(DbException.java:489)
	at org.h2.message.DbException.get(DbException.java:223)
	at org.h2.message.DbException.get(DbException.java:199)
	at org.h2.command.Parser.getTableOrViewNotFoundDbException(Parser.java:8051)
	at org.h2.command.Parser.getTableOrViewNotFoundDbException(Parser.java:8035)
	at org.h2.command.Parser.readTableOrView(Parser.java:8024)
	at org.h2.command.Parser.readTableOrView(Parser.java:7990)
	at org.h2.command.Parser.parseInsert(Parser.java:1540)
	at org.h2.command.Parser.parsePrepared(Parser.java:719)
	at org.h2.command.Parser.parse(Parser.java:592)
	at org.h2.command.Parser.parse(Parser.java:564)
	at org.h2.command.Parser.prepareCommand(Parser.java:483)
	at org.h2.engine.SessionLocal.prepareLocal(SessionLocal.java:639)
	at org.h2.engine.SessionLocal.prepareCommand(SessionLocal.java:559)
	at org.h2.jdbc.JdbcConnection.prepareCommand(JdbcConnection.java:1166)
	at org.h2.jdbc.JdbcPreparedStatement.<init>(JdbcPreparedStatement.java:93)
	at org.h2.jdbc.JdbcConnection.prepareStatement(JdbcConnection.java:316)
	at main.java.com.clinica.odontologica.dao.OdontologoDAOImpl.guardarOdontologo(OdontologoDAOImpl.java:23)
	at main.java.com.clinica.odontologica.main.main(main.java:14)
[2024-08-12 21:08:38] [ ERROR] [OdontologoDAOImpl:55] Error al listar odontólogos
org.h2.jdbc.JdbcSQLSyntaxErrorException: Table "ODONTOLOGOS" not found (this database is empty); SQL statement:
SELECT * FROM odontologos [42104-224]
	at org.h2.message.DbException.getJdbcSQLException(DbException.java:514)
	at org.h2.message.DbException.getJdbcSQLException(DbException.java:489)
	at org.h2.message.DbException.get(DbException.java:223)
	at org.h2.message.DbException.get(DbException.java:199)
	at org.h2.command.Parser.getTableOrViewNotFoundDbException(Parser.java:8051)
	at org.h2.command.Parser.getTableOrViewNotFoundDbException(Parser.java:8035)
	at org.h2.command.Parser.readTableOrView(Parser.java:8024)
	at org.h2.command.Parser.readTablePrimary(Parser.java:1788)
	at org.h2.command.Parser.readTableReference(Parser.java:2268)
	at org.h2.command.Parser.parseSelectFromPart(Parser.java:2718)
	at org.h2.command.Parser.parseSelect(Parser.java:2824)
	at org.h2.command.Parser.parseQueryPrimary(Parser.java:2708)
	at org.h2.command.Parser.parseQueryTerm(Parser.java:2564)
	at org.h2.command.Parser.parseQueryExpressionBody(Parser.java:2543)
	at org.h2.command.Parser.parseQueryExpressionBodyAndEndOfQuery(Parser.java:2536)
	at org.h2.command.Parser.parseQueryExpression(Parser.java:2529)
	at org.h2.command.Parser.parseQuery(Parser.java:2498)
	at org.h2.command.Parser.parsePrepared(Parser.java:627)
	at org.h2.command.Parser.parse(Parser.java:592)
	at org.h2.command.Parser.parse(Parser.java:564)
	at org.h2.command.Parser.prepareCommand(Parser.java:483)
	at org.h2.engine.SessionLocal.prepareLocal(SessionLocal.java:639)
	at org.h2.engine.SessionLocal.prepareCommand(SessionLocal.java:559)
	at org.h2.jdbc.JdbcConnection.prepareCommand(JdbcConnection.java:1166)
	at org.h2.jdbc.JdbcPreparedStatement.<init>(JdbcPreparedStatement.java:93)
	at org.h2.jdbc.JdbcConnection.prepareStatement(JdbcConnection.java:316)
	at main.java.com.clinica.odontologica.dao.OdontologoDAOImpl.listarOdontologos(OdontologoDAOImpl.java:42)
	at main.java.com.clinica.odontologica.main.main(main.java:16)
[2024-08-12 21:10:28] [ ERROR] [OdontologoDAOImpl:32] Error al guardar odontólogo: Odontologo{numeroMatricula='12345', nombre='Juan', apellido='Perez'}
org.h2.jdbc.JdbcSQLSyntaxErrorException: Table "ODONTOLOGOS" not found (this database is empty); SQL statement:
INSERT INTO odontologos (numeroMatricula, nombre, apellido) VALUES (?, ?, ?) [42104-224]
	at org.h2.message.DbException.getJdbcSQLException(DbException.java:514)
	at org.h2.message.DbException.getJdbcSQLException(DbException.java:489)
	at org.h2.message.DbException.get(DbException.java:223)
	at org.h2.message.DbException.get(DbException.java:199)
	at org.h2.command.Parser.getTableOrViewNotFoundDbException(Parser.java:8051)
	at org.h2.command.Parser.getTableOrViewNotFoundDbException(Parser.java:8035)
	at org.h2.command.Parser.readTableOrView(Parser.java:8024)
	at org.h2.command.Parser.readTableOrView(Parser.java:7990)
	at org.h2.command.Parser.parseInsert(Parser.java:1540)
	at org.h2.command.Parser.parsePrepared(Parser.java:719)
	at org.h2.command.Parser.parse(Parser.java:592)
	at org.h2.command.Parser.parse(Parser.java:564)
	at org.h2.command.Parser.prepareCommand(Parser.java:483)
	at org.h2.engine.SessionLocal.prepareLocal(SessionLocal.java:639)
	at org.h2.engine.SessionLocal.prepareCommand(SessionLocal.java:559)
	at org.h2.jdbc.JdbcConnection.prepareCommand(JdbcConnection.java:1166)
	at org.h2.jdbc.JdbcPreparedStatement.<init>(JdbcPreparedStatement.java:93)
	at org.h2.jdbc.JdbcConnection.prepareStatement(JdbcConnection.java:316)
	at main.java.com.clinica.odontologica.dao.OdontologoDAOImpl.guardarOdontologo(OdontologoDAOImpl.java:23)
	at main.java.com.clinica.odontologica.main.main(main.java:11)
[2024-08-12 21:10:28] [ ERROR] [OdontologoDAOImpl:32] Error al guardar odontólogo: Odontologo{numeroMatricula='67890', nombre='Ana', apellido='Gomez'}
org.h2.jdbc.JdbcSQLSyntaxErrorException: Table "ODONTOLOGOS" not found (this database is empty); SQL statement:
INSERT INTO odontologos (numeroMatricula, nombre, apellido) VALUES (?, ?, ?) [42104-224]
	at org.h2.message.DbException.getJdbcSQLException(DbException.java:514)
	at org.h2.message.DbException.getJdbcSQLException(DbException.java:489)
	at org.h2.message.DbException.get(DbException.java:223)
	at org.h2.message.DbException.get(DbException.java:199)
	at org.h2.command.Parser.getTableOrViewNotFoundDbException(Parser.java:8051)
	at org.h2.command.Parser.getTableOrViewNotFoundDbException(Parser.java:8035)
	at org.h2.command.Parser.readTableOrView(Parser.java:8024)
	at org.h2.command.Parser.readTableOrView(Parser.java:7990)
	at org.h2.command.Parser.parseInsert(Parser.java:1540)
	at org.h2.command.Parser.parsePrepared(Parser.java:719)
	at org.h2.command.Parser.parse(Parser.java:592)
	at org.h2.command.Parser.parse(Parser.java:564)
	at org.h2.command.Parser.prepareCommand(Parser.java:483)
	at org.h2.engine.SessionLocal.prepareLocal(SessionLocal.java:639)
	at org.h2.engine.SessionLocal.prepareCommand(SessionLocal.java:559)
	at org.h2.jdbc.JdbcConnection.prepareCommand(JdbcConnection.java:1166)
	at org.h2.jdbc.JdbcPreparedStatement.<init>(JdbcPreparedStatement.java:93)
	at org.h2.jdbc.JdbcConnection.prepareStatement(JdbcConnection.java:316)
	at main.java.com.clinica.odontologica.dao.OdontologoDAOImpl.guardarOdontologo(OdontologoDAOImpl.java:23)
	at main.java.com.clinica.odontologica.main.main(main.java:14)
[2024-08-12 21:10:28] [ ERROR] [OdontologoDAOImpl:55] Error al listar odontólogos
org.h2.jdbc.JdbcSQLSyntaxErrorException: Table "ODONTOLOGOS" not found (this database is empty); SQL statement:
SELECT * FROM odontologos [42104-224]
	at org.h2.message.DbException.getJdbcSQLException(DbException.java:514)
	at org.h2.message.DbException.getJdbcSQLException(DbException.java:489)
	at org.h2.message.DbException.get(DbException.java:223)
	at org.h2.message.DbException.get(DbException.java:199)
	at org.h2.command.Parser.getTableOrViewNotFoundDbException(Parser.java:8051)
	at org.h2.command.Parser.getTableOrViewNotFoundDbException(Parser.java:8035)
	at org.h2.command.Parser.readTableOrView(Parser.java:8024)
	at org.h2.command.Parser.readTablePrimary(Parser.java:1788)
	at org.h2.command.Parser.readTableReference(Parser.java:2268)
	at org.h2.command.Parser.parseSelectFromPart(Parser.java:2718)
	at org.h2.command.Parser.parseSelect(Parser.java:2824)
	at org.h2.command.Parser.parseQueryPrimary(Parser.java:2708)
	at org.h2.command.Parser.parseQueryTerm(Parser.java:2564)
	at org.h2.command.Parser.parseQueryExpressionBody(Parser.java:2543)
	at org.h2.command.Parser.parseQueryExpressionBodyAndEndOfQuery(Parser.java:2536)
	at org.h2.command.Parser.parseQueryExpression(Parser.java:2529)
	at org.h2.command.Parser.parseQuery(Parser.java:2498)
	at org.h2.command.Parser.parsePrepared(Parser.java:627)
	at org.h2.command.Parser.parse(Parser.java:592)
	at org.h2.command.Parser.parse(Parser.java:564)
	at org.h2.command.Parser.prepareCommand(Parser.java:483)
	at org.h2.engine.SessionLocal.prepareLocal(SessionLocal.java:639)
	at org.h2.engine.SessionLocal.prepareCommand(SessionLocal.java:559)
	at org.h2.jdbc.JdbcConnection.prepareCommand(JdbcConnection.java:1166)
	at org.h2.jdbc.JdbcPreparedStatement.<init>(JdbcPreparedStatement.java:93)
	at org.h2.jdbc.JdbcConnection.prepareStatement(JdbcConnection.java:316)
	at main.java.com.clinica.odontologica.dao.OdontologoDAOImpl.listarOdontologos(OdontologoDAOImpl.java:42)
	at main.java.com.clinica.odontologica.main.main(main.java:16)
[2024-08-12 21:12:40] [ INFO ] [OdontologoCollectionDAOImpl:16] Odontólogo guardado: Odontologo{numeroMatricula='12345', nombre='Juan', apellido='Perez'}
[2024-08-12 21:12:40] [ INFO ] [OdontologoCollectionDAOImpl:21] Listado de odontologos: [Odontologo{numeroMatricula='12345', nombre='Juan', apellido='Perez'}]
[2024-08-12 21:12:47] [ INFO ] [OdontologoCollectionDAOImpl:16] Odontólogo guardado: Odontologo{numeroMatricula='12345', nombre='Juan', apellido='Perez'}
[2024-08-12 21:12:47] [ INFO ] [OdontologoCollectionDAOImpl:16] Odontólogo guardado: Odontologo{numeroMatricula='67890', nombre='Ana', apellido='Gomez'}
[2024-08-12 21:12:47] [ INFO ] [OdontologoCollectionDAOImpl:21] Listado de odontologos: [Odontologo{numeroMatricula='12345', nombre='Juan', apellido='Perez'}, Odontologo{numeroMatricula='67890', nombre='Ana', apellido='Gomez'}]
[2024-08-12 21:12:55] [ INFO ] [OdontologoCollectionDAOImpl:16] Odontólogo guardado: Odontologo{numeroMatricula='12345', nombre='Juan', apellido='Perez'}
[2024-08-12 21:12:55] [ INFO ] [OdontologoCollectionDAOImpl:16] Odontólogo guardado: Odontologo{numeroMatricula='67890', nombre='Ana', apellido='Gomez'}
[2024-08-12 21:12:55] [ INFO ] [OdontologoCollectionDAOImpl:21] Listado de odontologos: [Odontologo{numeroMatricula='12345', nombre='Juan', apellido='Perez'}, Odontologo{numeroMatricula='67890', nombre='Ana', apellido='Gomez'}]
[2024-08-12 21:12:55] [ INFO ] [OdontologoCollectionDAOImpl:16] Odontólogo guardado: Odontologo{numeroMatricula='12345', nombre='Juan', apellido='Perez'}
[2024-08-12 21:12:55] [ INFO ] [OdontologoCollectionDAOImpl:21] Listado de odontologos: [Odontologo{numeroMatricula='12345', nombre='Juan', apellido='Perez'}]
[2024-08-12 21:13:06] [ ERROR] [OdontologoDAOImpl:32] Error al guardar odontólogo: Odontologo{numeroMatricula='12345', nombre='Juan', apellido='Perez'}
org.h2.jdbc.JdbcSQLSyntaxErrorException: Table "ODONTOLOGOS" not found (this database is empty); SQL statement:
INSERT INTO odontologos (numeroMatricula, nombre, apellido) VALUES (?, ?, ?) [42104-224]
	at org.h2.message.DbException.getJdbcSQLException(DbException.java:514)
	at org.h2.message.DbException.getJdbcSQLException(DbException.java:489)
	at org.h2.message.DbException.get(DbException.java:223)
	at org.h2.message.DbException.get(DbException.java:199)
	at org.h2.command.Parser.getTableOrViewNotFoundDbException(Parser.java:8051)
	at org.h2.command.Parser.getTableOrViewNotFoundDbException(Parser.java:8035)
	at org.h2.command.Parser.readTableOrView(Parser.java:8024)
	at org.h2.command.Parser.readTableOrView(Parser.java:7990)
	at org.h2.command.Parser.parseInsert(Parser.java:1540)
	at org.h2.command.Parser.parsePrepared(Parser.java:719)
	at org.h2.command.Parser.parse(Parser.java:592)
	at org.h2.command.Parser.parse(Parser.java:564)
	at org.h2.command.Parser.prepareCommand(Parser.java:483)
	at org.h2.engine.SessionLocal.prepareLocal(SessionLocal.java:639)
	at org.h2.engine.SessionLocal.prepareCommand(SessionLocal.java:559)
	at org.h2.jdbc.JdbcConnection.prepareCommand(JdbcConnection.java:1166)
	at org.h2.jdbc.JdbcPreparedStatement.<init>(JdbcPreparedStatement.java:93)
	at org.h2.jdbc.JdbcConnection.prepareStatement(JdbcConnection.java:316)
	at main.java.com.clinica.odontologica.dao.OdontologoDAOImpl.guardarOdontologo(OdontologoDAOImpl.java:23)
	at main.java.com.clinica.odontologica.main.main(main.java:11)
[2024-08-12 21:13:06] [ ERROR] [OdontologoDAOImpl:32] Error al guardar odontólogo: Odontologo{numeroMatricula='67890', nombre='Ana', apellido='Gomez'}
org.h2.jdbc.JdbcSQLSyntaxErrorException: Table "ODONTOLOGOS" not found (this database is empty); SQL statement:
INSERT INTO odontologos (numeroMatricula, nombre, apellido) VALUES (?, ?, ?) [42104-224]
	at org.h2.message.DbException.getJdbcSQLException(DbException.java:514)
	at org.h2.message.DbException.getJdbcSQLException(DbException.java:489)
	at org.h2.message.DbException.get(DbException.java:223)
	at org.h2.message.DbException.get(DbException.java:199)
	at org.h2.command.Parser.getTableOrViewNotFoundDbException(Parser.java:8051)
	at org.h2.command.Parser.getTableOrViewNotFoundDbException(Parser.java:8035)
	at org.h2.command.Parser.readTableOrView(Parser.java:8024)
	at org.h2.command.Parser.readTableOrView(Parser.java:7990)
	at org.h2.command.Parser.parseInsert(Parser.java:1540)
	at org.h2.command.Parser.parsePrepared(Parser.java:719)
	at org.h2.command.Parser.parse(Parser.java:592)
	at org.h2.command.Parser.parse(Parser.java:564)
	at org.h2.command.Parser.prepareCommand(Parser.java:483)
	at org.h2.engine.SessionLocal.prepareLocal(SessionLocal.java:639)
	at org.h2.engine.SessionLocal.prepareCommand(SessionLocal.java:559)
	at org.h2.jdbc.JdbcConnection.prepareCommand(JdbcConnection.java:1166)
	at org.h2.jdbc.JdbcPreparedStatement.<init>(JdbcPreparedStatement.java:93)
	at org.h2.jdbc.JdbcConnection.prepareStatement(JdbcConnection.java:316)
	at main.java.com.clinica.odontologica.dao.OdontologoDAOImpl.guardarOdontologo(OdontologoDAOImpl.java:23)
	at main.java.com.clinica.odontologica.main.main(main.java:14)
[2024-08-12 21:13:06] [ ERROR] [OdontologoDAOImpl:55] Error al listar odontólogos
org.h2.jdbc.JdbcSQLSyntaxErrorException: Table "ODONTOLOGOS" not found (this database is empty); SQL statement:
SELECT * FROM odontologos [42104-224]
	at org.h2.message.DbException.getJdbcSQLException(DbException.java:514)
	at org.h2.message.DbException.getJdbcSQLException(DbException.java:489)
	at org.h2.message.DbException.get(DbException.java:223)
	at org.h2.message.DbException.get(DbException.java:199)
	at org.h2.command.Parser.getTableOrViewNotFoundDbException(Parser.java:8051)
	at org.h2.command.Parser.getTableOrViewNotFoundDbException(Parser.java:8035)
	at org.h2.command.Parser.readTableOrView(Parser.java:8024)
	at org.h2.command.Parser.readTablePrimary(Parser.java:1788)
	at org.h2.command.Parser.readTableReference(Parser.java:2268)
	at org.h2.command.Parser.parseSelectFromPart(Parser.java:2718)
	at org.h2.command.Parser.parseSelect(Parser.java:2824)
	at org.h2.command.Parser.parseQueryPrimary(Parser.java:2708)
	at org.h2.command.Parser.parseQueryTerm(Parser.java:2564)
	at org.h2.command.Parser.parseQueryExpressionBody(Parser.java:2543)
	at org.h2.command.Parser.parseQueryExpressionBodyAndEndOfQuery(Parser.java:2536)
	at org.h2.command.Parser.parseQueryExpression(Parser.java:2529)
	at org.h2.command.Parser.parseQuery(Parser.java:2498)
	at org.h2.command.Parser.parsePrepared(Parser.java:627)
	at org.h2.command.Parser.parse(Parser.java:592)
	at org.h2.command.Parser.parse(Parser.java:564)
	at org.h2.command.Parser.prepareCommand(Parser.java:483)
	at org.h2.engine.SessionLocal.prepareLocal(SessionLocal.java:639)
	at org.h2.engine.SessionLocal.prepareCommand(SessionLocal.java:559)
	at org.h2.jdbc.JdbcConnection.prepareCommand(JdbcConnection.java:1166)
	at org.h2.jdbc.JdbcPreparedStatement.<init>(JdbcPreparedStatement.java:93)
	at org.h2.jdbc.JdbcConnection.prepareStatement(JdbcConnection.java:316)
	at main.java.com.clinica.odontologica.dao.OdontologoDAOImpl.listarOdontologos(OdontologoDAOImpl.java:42)
	at main.java.com.clinica.odontologica.main.main(main.java:16)
